<?xml version="1.0" encoding="UTF-8"?>
<coverage generated="1613865388938" clover="3.2.0">
  <project timestamp="1613865388938" name="All files">
    <metrics statements="6" coveredstatements="6" conditionals="0" coveredconditionals="0" methods="3" coveredmethods="3" elements="9" coveredelements="9" complexity="0" loc="6" ncloc="6" packages="1" files="3" classes="3"/>
    <file name="clonarray.js" path="C:\Users\fed\Desktop\PROGRAMACION\2021\PROYECTOS\UNIT TESTING WITH JEST\src\clonarray.js">
      <metrics statements="2" coveredstatements="2" conditionals="0" coveredconditionals="0" methods="1" coveredmethods="1"/>
      <line num="2" count="2" type="stmt"/>
      <line num="5" count="1" type="stmt"/>
    </file>
    <file name="substract.js" path="C:\Users\fed\Desktop\PROGRAMACION\2021\PROYECTOS\UNIT TESTING WITH JEST\src\substract.js">
      <metrics statements="2" coveredstatements="2" conditionals="0" coveredconditionals="0" methods="1" coveredmethods="1"/>
      <line num="2" count="1" type="stmt"/>
      <line num="5" count="1" type="stmt"/>
    </file>
    <file name="sum.js" path="C:\Users\fed\Desktop\PROGRAMACION\2021\PROYECTOS\UNIT TESTING WITH JEST\src\sum.js">
      <metrics statements="2" coveredstatements="2" conditionals="0" coveredconditionals="0" methods="1" coveredmethods="1"/>
      <line num="2" count="1" type="stmt"/>
      <line num="5" count="1" type="stmt"/>
    </file>
  </project>
</coverage>
