{"C:\\Users\\fed\\Desktop\\PROGRAMACION\\2021\\PROYECTOS\\UNIT TESTING WITH JEST\\src\\clonarray.js": {"path":"C:\\Users\\fed\\Desktop\\PROGRAMACION\\2021\\PROYECTOS\\UNIT TESTING WITH JEST\\src\\clonarray.js","statementMap":{"0":{"start":{"line":2,"column":4},"end":{"line":2,"column":21}},"1":{"start":{"line":5,"column":0},"end":{"line":5,"column":27}}},"fnMap":{"0":{"name":"cloneArray","decl":{"start":{"line":1,"column":9},"end":{"line":1,"column":19}},"loc":{"start":{"line":1,"column":27},"end":{"line":3,"column":1}},"line":1}},"branchMap":{},"s":{"0":2,"1":1},"f":{"0":2},"b":{},"_coverageSchema":"1a1c01bbd47fc00a2c39e90264f33305004495a9","hash":"295855580fc490d25c21ac1187d044ff7f6d88d0"}
,"C:\\Users\\fed\\Desktop\\PROGRAMACION\\2021\\PROYECTOS\\UNIT TESTING WITH JEST\\src\\substract.js": {"path":"C:\\Users\\fed\\Desktop\\PROGRAMACION\\2021\\PROYECTOS\\UNIT TESTING WITH JEST\\src\\substract.js","statementMap":{"0":{"start":{"line":2,"column":4},"end":{"line":2,"column":17}},"1":{"start":{"line":5,"column":0},"end":{"line":5,"column":26}}},"fnMap":{"0":{"name":"substract","decl":{"start":{"line":1,"column":9},"end":{"line":1,"column":18}},"loc":{"start":{"line":1,"column":24},"end":{"line":3,"column":1}},"line":1}},"branchMap":{},"s":{"0":1,"1":1},"f":{"0":1},"b":{},"_coverageSchema":"1a1c01bbd47fc00a2c39e90264f33305004495a9","hash":"46d804261d41874a88608e90578e0cfaecafce4d"}
,"C:\\Users\\fed\\Desktop\\PROGRAMACION\\2021\\PROYECTOS\\UNIT TESTING WITH JEST\\src\\sum.js": {"path":"C:\\Users\\fed\\Desktop\\PROGRAMACION\\2021\\PROYECTOS\\UNIT TESTING WITH JEST\\src\\sum.js","statementMap":{"0":{"start":{"line":2,"column":4},"end":{"line":2,"column":17}},"1":{"start":{"line":5,"column":0},"end":{"line":5,"column":20}}},"fnMap":{"0":{"name":"sum","decl":{"start":{"line":1,"column":9},"end":{"line":1,"column":12}},"loc":{"start":{"line":1,"column":19},"end":{"line":3,"column":1}},"line":1}},"branchMap":{},"s":{"0":1,"1":1},"f":{"0":1},"b":{},"_coverageSchema":"1a1c01bbd47fc00a2c39e90264f33305004495a9","hash":"4001c0b59cbaee4a2722c37ed357cfa36f8cb500"}
}
